2024-02-10 14:34:27,544 INFO  [Log] **************************************************************************************** 
2024-02-10 14:34:27,544 INFO  [Log] **************************************************************************************** 
2024-02-10 14:34:27,546 INFO  [Log] $$$$$$$$$$$$$$$$$$$$$                 My login test case       $$$$$$$$$$$$$$$$$$$$$$$$$ 
2024-02-10 14:34:27,546 INFO  [Log] **************************************************************************************** 
2024-02-10 14:34:27,546 INFO  [Log] **************************************************************************************** 
2024-02-10 14:34:27,546 INFO  [Log] My test case is executing 
2024-02-10 14:34:27,546 INFO  [Log] I am testing log4j functionality 
2024-02-10 14:34:27,835 INFO  [Log] XXXXXXXXXXXXXXXXXXXXXXX             -E---N---D-             XXXXXXXXXXXXXXXXXXXXXX 
2024-02-10 14:34:27,835 INFO  [Log] X 
2024-02-10 14:34:27,835 INFO  [Log] X 
2024-02-10 14:34:27,835 INFO  [Log] X 
2024-02-10 14:34:27,835 INFO  [Log] X 
2024-02-12 10:58:29,953 INFO  [Log] **************************************************************************************** 
2024-02-12 10:58:29,955 INFO  [Log] **************************************************************************************** 
2024-02-12 10:58:29,958 INFO  [Log] $$$$$$$$$$$$$$$$$$$$$                 My login test case       $$$$$$$$$$$$$$$$$$$$$$$$$ 
2024-02-12 10:58:29,958 INFO  [Log] **************************************************************************************** 
2024-02-12 10:58:29,958 INFO  [Log] **************************************************************************************** 
2024-02-12 10:58:29,958 INFO  [Log] My test case is executing 
2024-02-12 10:58:29,958 INFO  [Log] I am testing log4j functionality 
2024-02-12 10:58:30,352 INFO  [Log] XXXXXXXXXXXXXXXXXXXXXXX             -E---N---D-             XXXXXXXXXXXXXXXXXXXXXX 
2024-02-12 10:58:30,353 INFO  [Log] X 
2024-02-12 10:58:30,353 INFO  [Log] X 
2024-02-12 10:58:30,353 INFO  [Log] X 
2024-02-12 10:58:30,353 INFO  [Log] X 
2024-02-20 13:33:22,031 INFO  [Log] **************************************************************************************** 
2024-02-20 13:33:22,031 INFO  [Log] **************************************************************************************** 
2024-02-20 13:33:22,035 INFO  [Log] $$$$$$$$$$$$$$$$$$$$$                 My login test case       $$$$$$$$$$$$$$$$$$$$$$$$$ 
2024-02-20 13:33:22,035 INFO  [Log] **************************************************************************************** 
2024-02-20 13:33:22,035 INFO  [Log] **************************************************************************************** 
2024-02-20 13:33:22,035 INFO  [Log] My test case is executing 
2024-02-20 13:33:22,035 INFO  [Log] I am testing log4j functionality 
2024-02-20 13:33:22,191 INFO  [Log] XXXXXXXXXXXXXXXXXXXXXXX             -E---N---D-             XXXXXXXXXXXXXXXXXXXXXX 
2024-02-20 13:33:22,191 INFO  [Log] X 
2024-02-20 13:33:22,191 INFO  [Log] X 
2024-02-20 13:33:22,191 INFO  [Log] X 
2024-02-20 13:33:22,191 INFO  [Log] X 
2024-02-22 11:06:22,246 INFO  [Log] **************************************************************************************** 
2024-02-22 11:06:22,246 INFO  [Log] **************************************************************************************** 
2024-02-22 11:06:22,262 INFO  [Log] $$$$$$$$$$$$$$$$$$$$$                 My login test case       $$$$$$$$$$$$$$$$$$$$$$$$$ 
2024-02-22 11:06:22,262 INFO  [Log] **************************************************************************************** 
2024-02-22 11:06:22,262 INFO  [Log] **************************************************************************************** 
2024-02-22 11:06:22,262 INFO  [Log] My test case is executing 
2024-02-22 11:06:22,262 INFO  [Log] I am testing log4j functionality 
2024-02-22 11:06:22,978 INFO  [Log] XXXXXXXXXXXXXXXXXXXXXXX             -E---N---D-             XXXXXXXXXXXXXXXXXXXXXX 
2024-02-22 11:06:22,978 INFO  [Log] X 
2024-02-22 11:06:22,978 INFO  [Log] X 
2024-02-22 11:06:22,978 INFO  [Log] X 
2024-02-22 11:06:22,978 INFO  [Log] X 
2024-02-22 11:11:21,582 INFO  [Log] **************************************************************************************** 
2024-02-22 11:11:21,582 INFO  [Log] **************************************************************************************** 
2024-02-22 11:11:21,582 INFO  [Log] $$$$$$$$$$$$$$$$$$$$$                 My login test case       $$$$$$$$$$$$$$$$$$$$$$$$$ 
2024-02-22 11:11:21,582 INFO  [Log] **************************************************************************************** 
2024-02-22 11:11:21,582 INFO  [Log] **************************************************************************************** 
2024-02-22 11:11:21,582 INFO  [Log] My test case is executing 
2024-02-22 11:11:21,582 INFO  [Log] I am testing log4j functionality 
2024-02-22 11:11:21,799 INFO  [Log] XXXXXXXXXXXXXXXXXXXXXXX             -E---N---D-             XXXXXXXXXXXXXXXXXXXXXX 
2024-02-22 11:11:21,799 INFO  [Log] X 
2024-02-22 11:11:21,799 INFO  [Log] X 
2024-02-22 11:11:21,799 INFO  [Log] X 
2024-02-22 11:11:21,799 INFO  [Log] X 
2024-02-22 11:16:11,997 INFO  [Log] **************************************************************************************** 
2024-02-22 11:16:11,998 INFO  [Log] **************************************************************************************** 
2024-02-22 11:16:12,001 INFO  [Log] $$$$$$$$$$$$$$$$$$$$$                 My login test case       $$$$$$$$$$$$$$$$$$$$$$$$$ 
2024-02-22 11:16:12,001 INFO  [Log] **************************************************************************************** 
2024-02-22 11:16:12,001 INFO  [Log] **************************************************************************************** 
2024-02-22 11:16:12,001 INFO  [Log] My test case is executing 
2024-02-22 11:16:12,001 INFO  [Log] I am testing log4j functionality 
2024-02-22 11:16:13,235 INFO  [Log] XXXXXXXXXXXXXXXXXXXXXXX             -E---N---D-             XXXXXXXXXXXXXXXXXXXXXX 
2024-02-22 11:16:13,235 INFO  [Log] X 
2024-02-22 11:16:13,235 INFO  [Log] X 
2024-02-22 11:16:13,235 INFO  [Log] X 
2024-02-22 11:16:13,235 INFO  [Log] X 
2024-02-22 11:18:46,203 INFO  [Log] **************************************************************************************** 
2024-02-22 11:18:46,203 INFO  [Log] **************************************************************************************** 
2024-02-22 11:18:46,217 INFO  [Log] $$$$$$$$$$$$$$$$$$$$$                 My login test case       $$$$$$$$$$$$$$$$$$$$$$$$$ 
2024-02-22 11:18:46,217 INFO  [Log] **************************************************************************************** 
2024-02-22 11:18:46,217 INFO  [Log] **************************************************************************************** 
2024-02-22 11:18:46,217 INFO  [Log] My test case is executing 
2024-02-22 11:18:46,217 INFO  [Log] I am testing log4j functionality 
2024-02-22 11:18:46,566 INFO  [Log] XXXXXXXXXXXXXXXXXXXXXXX             -E---N---D-             XXXXXXXXXXXXXXXXXXXXXX 
2024-02-22 11:18:46,566 INFO  [Log] X 
2024-02-22 11:18:46,566 INFO  [Log] X 
2024-02-22 11:18:46,566 INFO  [Log] X 
2024-02-22 11:18:46,566 INFO  [Log] X 
2024-02-22 11:20:37,777 INFO  [Log] **************************************************************************************** 
2024-02-22 11:20:37,787 INFO  [Log] **************************************************************************************** 
2024-02-22 11:20:37,791 INFO  [Log] $$$$$$$$$$$$$$$$$$$$$                 My login test case       $$$$$$$$$$$$$$$$$$$$$$$$$ 
2024-02-22 11:20:37,791 INFO  [Log] **************************************************************************************** 
2024-02-22 11:20:37,791 INFO  [Log] **************************************************************************************** 
2024-02-22 11:20:37,791 INFO  [Log] My test case is executing 
2024-02-22 11:20:37,791 INFO  [Log] I am testing log4j functionality 
2024-02-22 11:20:38,089 INFO  [Log] XXXXXXXXXXXXXXXXXXXXXXX             -E---N---D-             XXXXXXXXXXXXXXXXXXXXXX 
2024-02-22 11:20:38,089 INFO  [Log] X 
2024-02-22 11:20:38,089 INFO  [Log] X 
2024-02-22 11:20:38,089 INFO  [Log] X 
2024-02-22 11:20:38,089 INFO  [Log] X 
2024-02-22 11:24:32,170 INFO  [Log] **************************************************************************************** 
2024-02-22 11:24:32,171 INFO  [Log] **************************************************************************************** 
2024-02-22 11:24:32,174 INFO  [Log] $$$$$$$$$$$$$$$$$$$$$                 My login test case       $$$$$$$$$$$$$$$$$$$$$$$$$ 
2024-02-22 11:24:32,174 INFO  [Log] **************************************************************************************** 
2024-02-22 11:24:32,174 INFO  [Log] **************************************************************************************** 
2024-02-22 11:24:32,174 INFO  [Log] My test case is executing 
2024-02-22 11:24:32,174 INFO  [Log] I am testing log4j functionality 
2024-02-22 11:24:32,376 INFO  [Log] XXXXXXXXXXXXXXXXXXXXXXX             -E---N---D-             XXXXXXXXXXXXXXXXXXXXXX 
2024-02-22 11:24:32,376 INFO  [Log] X 
2024-02-22 11:24:32,376 INFO  [Log] X 
2024-02-22 11:24:32,376 INFO  [Log] X 
2024-02-22 11:24:32,376 INFO  [Log] X 
2024-02-22 11:27:32,607 INFO  [Log] **************************************************************************************** 
2024-02-22 11:27:32,607 INFO  [Log] **************************************************************************************** 
2024-02-22 11:27:32,615 INFO  [Log] $$$$$$$$$$$$$$$$$$$$$                 My login test case       $$$$$$$$$$$$$$$$$$$$$$$$$ 
2024-02-22 11:27:32,615 INFO  [Log] **************************************************************************************** 
2024-02-22 11:27:32,615 INFO  [Log] **************************************************************************************** 
2024-02-22 11:27:32,615 INFO  [Log] My test case is executing 
2024-02-22 11:27:32,615 INFO  [Log] I am testing log4j functionality 
2024-02-22 11:27:33,184 INFO  [Log] XXXXXXXXXXXXXXXXXXXXXXX             -E---N---D-             XXXXXXXXXXXXXXXXXXXXXX 
2024-02-22 11:27:33,184 INFO  [Log] X 
2024-02-22 11:27:33,184 INFO  [Log] X 
2024-02-22 11:27:33,184 INFO  [Log] X 
2024-02-22 11:27:33,184 INFO  [Log] X 
2024-02-22 11:29:32,264 INFO  [Log] **************************************************************************************** 
2024-02-22 11:29:32,266 INFO  [Log] **************************************************************************************** 
2024-02-22 11:29:32,273 INFO  [Log] $$$$$$$$$$$$$$$$$$$$$                 My login test case       $$$$$$$$$$$$$$$$$$$$$$$$$ 
2024-02-22 11:29:32,273 INFO  [Log] **************************************************************************************** 
2024-02-22 11:29:32,273 INFO  [Log] **************************************************************************************** 
2024-02-22 11:29:32,273 INFO  [Log] My test case is executing 
2024-02-22 11:29:32,273 INFO  [Log] I am testing log4j functionality 
2024-02-22 11:29:32,530 INFO  [Log] XXXXXXXXXXXXXXXXXXXXXXX             -E---N---D-             XXXXXXXXXXXXXXXXXXXXXX 
2024-02-22 11:29:32,530 INFO  [Log] X 
2024-02-22 11:29:32,530 INFO  [Log] X 
2024-02-22 11:29:32,530 INFO  [Log] X 
2024-02-22 11:29:32,530 INFO  [Log] X 
2024-02-22 11:33:48,595 INFO  [Log] **************************************************************************************** 
2024-02-22 11:33:48,595 INFO  [Log] **************************************************************************************** 
2024-02-22 11:33:48,603 INFO  [Log] $$$$$$$$$$$$$$$$$$$$$                 My login test case       $$$$$$$$$$$$$$$$$$$$$$$$$ 
2024-02-22 11:33:48,603 INFO  [Log] **************************************************************************************** 
2024-02-22 11:33:48,603 INFO  [Log] **************************************************************************************** 
2024-02-22 11:33:48,603 INFO  [Log] My test case is executing 
2024-02-22 11:33:48,604 INFO  [Log] I am testing log4j functionality 
2024-02-22 11:33:48,870 INFO  [Log] XXXXXXXXXXXXXXXXXXXXXXX             -E---N---D-             XXXXXXXXXXXXXXXXXXXXXX 
2024-02-22 11:33:48,870 INFO  [Log] X 
2024-02-22 11:33:48,870 INFO  [Log] X 
2024-02-22 11:33:48,870 INFO  [Log] X 
2024-02-22 11:33:48,870 INFO  [Log] X 
2024-02-22 11:36:00,566 INFO  [Log] **************************************************************************************** 
2024-02-22 11:36:00,566 INFO  [Log] **************************************************************************************** 
2024-02-22 11:36:00,569 INFO  [Log] $$$$$$$$$$$$$$$$$$$$$                 My login test case       $$$$$$$$$$$$$$$$$$$$$$$$$ 
2024-02-22 11:36:00,569 INFO  [Log] **************************************************************************************** 
2024-02-22 11:36:00,569 INFO  [Log] **************************************************************************************** 
2024-02-22 11:36:00,569 INFO  [Log] My test case is executing 
2024-02-22 11:36:00,569 INFO  [Log] I am testing log4j functionality 
2024-02-22 11:36:01,924 INFO  [Log] XXXXXXXXXXXXXXXXXXXXXXX             -E---N---D-             XXXXXXXXXXXXXXXXXXXXXX 
2024-02-22 11:36:01,924 INFO  [Log] X 
2024-02-22 11:36:01,924 INFO  [Log] X 
2024-02-22 11:36:01,924 INFO  [Log] X 
2024-02-22 11:36:01,924 INFO  [Log] X 
2024-02-22 11:39:35,546 INFO  [Log] **************************************************************************************** 
2024-02-22 11:39:35,546 INFO  [Log] **************************************************************************************** 
2024-02-22 11:39:35,546 INFO  [Log] $$$$$$$$$$$$$$$$$$$$$                 My login test case       $$$$$$$$$$$$$$$$$$$$$$$$$ 
2024-02-22 11:39:35,546 INFO  [Log] **************************************************************************************** 
2024-02-22 11:39:35,546 INFO  [Log] **************************************************************************************** 
2024-02-22 11:39:35,546 INFO  [Log] My test case is executing 
2024-02-22 11:39:35,546 INFO  [Log] I am testing log4j functionality 
2024-02-22 11:39:35,912 INFO  [Log] XXXXXXXXXXXXXXXXXXXXXXX             -E---N---D-             XXXXXXXXXXXXXXXXXXXXXX 
2024-02-22 11:39:35,912 INFO  [Log] X 
2024-02-22 11:39:35,912 INFO  [Log] X 
2024-02-22 11:39:35,912 INFO  [Log] X 
2024-02-22 11:39:35,912 INFO  [Log] X 
2024-02-22 11:50:54,477 INFO  [Log] **************************************************************************************** 
2024-02-22 11:50:54,477 INFO  [Log] **************************************************************************************** 
2024-02-22 11:50:54,488 INFO  [Log] $$$$$$$$$$$$$$$$$$$$$                 My login test case       $$$$$$$$$$$$$$$$$$$$$$$$$ 
2024-02-22 11:50:54,488 INFO  [Log] **************************************************************************************** 
2024-02-22 11:50:54,488 INFO  [Log] **************************************************************************************** 
2024-02-22 11:50:54,488 INFO  [Log] My test case is executing 
2024-02-22 11:50:54,488 INFO  [Log] I am testing log4j functionality 
2024-02-22 11:50:54,849 INFO  [Log] XXXXXXXXXXXXXXXXXXXXXXX             -E---N---D-             XXXXXXXXXXXXXXXXXXXXXX 
2024-02-22 11:50:54,849 INFO  [Log] X 
2024-02-22 11:50:54,849 INFO  [Log] X 
2024-02-22 11:50:54,849 INFO  [Log] X 
2024-02-22 11:50:54,849 INFO  [Log] X 
2024-02-22 16:25:16,295 INFO  [Log] **************************************************************************************** 
2024-02-22 16:25:16,295 INFO  [Log] **************************************************************************************** 
2024-02-22 16:25:16,301 INFO  [Log] $$$$$$$$$$$$$$$$$$$$$                 My login test case       $$$$$$$$$$$$$$$$$$$$$$$$$ 
2024-02-22 16:25:16,301 INFO  [Log] **************************************************************************************** 
2024-02-22 16:25:16,302 INFO  [Log] **************************************************************************************** 
2024-02-22 16:25:16,302 INFO  [Log] My test case is executing 
2024-02-22 16:25:16,302 INFO  [Log] I am testing log4j functionality 
2024-02-22 16:25:16,768 INFO  [Log] XXXXXXXXXXXXXXXXXXXXXXX             -E---N---D-             XXXXXXXXXXXXXXXXXXXXXX 
2024-02-22 16:25:16,768 INFO  [Log] X 
2024-02-22 16:25:16,768 INFO  [Log] X 
2024-02-22 16:25:16,768 INFO  [Log] X 
2024-02-22 16:25:16,768 INFO  [Log] X 
2024-02-24 16:03:30,284 INFO  [Log] **************************************************************************************** 
2024-02-24 16:03:30,285 INFO  [Log] **************************************************************************************** 
2024-02-24 16:03:30,374 INFO  [Log] $$$$$$$$$$$$$$$$$$$$$                 My login test case       $$$$$$$$$$$$$$$$$$$$$$$$$ 
2024-02-24 16:03:30,374 INFO  [Log] **************************************************************************************** 
2024-02-24 16:03:30,374 INFO  [Log] **************************************************************************************** 
2024-02-24 16:03:30,374 INFO  [Log] My test case is executing 
2024-02-24 16:03:30,374 INFO  [Log] I am testing log4j functionality 
2024-02-24 16:03:30,619 INFO  [Log] XXXXXXXXXXXXXXXXXXXXXXX             -E---N---D-             XXXXXXXXXXXXXXXXXXXXXX 
2024-02-24 16:03:30,619 INFO  [Log] X 
2024-02-24 16:03:30,619 INFO  [Log] X 
2024-02-24 16:03:30,619 INFO  [Log] X 
2024-02-24 16:03:30,619 INFO  [Log] X 
2024-02-24 16:06:50,910 INFO  [Log] **************************************************************************************** 
2024-02-24 16:06:50,910 INFO  [Log] **************************************************************************************** 
2024-02-24 16:06:50,914 INFO  [Log] $$$$$$$$$$$$$$$$$$$$$                 My login test case       $$$$$$$$$$$$$$$$$$$$$$$$$ 
2024-02-24 16:06:50,914 INFO  [Log] **************************************************************************************** 
2024-02-24 16:06:50,914 INFO  [Log] **************************************************************************************** 
2024-02-24 16:06:50,914 INFO  [Log] My test case is executing 
2024-02-24 16:06:50,914 INFO  [Log] I am testing log4j functionality 
2024-02-24 16:06:51,114 INFO  [Log] XXXXXXXXXXXXXXXXXXXXXXX             -E---N---D-             XXXXXXXXXXXXXXXXXXXXXX 
2024-02-24 16:06:51,114 INFO  [Log] X 
2024-02-24 16:06:51,114 INFO  [Log] X 
2024-02-24 16:06:51,114 INFO  [Log] X 
2024-02-24 16:06:51,114 INFO  [Log] X 
2024-02-27 11:17:07,010 INFO  [Log] **************************************************************************************** 
2024-02-27 11:17:07,010 INFO  [Log] **************************************************************************************** 
2024-02-27 11:17:07,014 INFO  [Log] $$$$$$$$$$$$$$$$$$$$$                 My login test case       $$$$$$$$$$$$$$$$$$$$$$$$$ 
2024-02-27 11:17:07,014 INFO  [Log] **************************************************************************************** 
2024-02-27 11:17:07,014 INFO  [Log] **************************************************************************************** 
2024-02-27 11:17:07,014 INFO  [Log] My test case is executing 
2024-02-27 11:17:07,014 INFO  [Log] I am testing log4j functionality 
2024-02-27 11:17:07,170 INFO  [Log] XXXXXXXXXXXXXXXXXXXXXXX             -E---N---D-             XXXXXXXXXXXXXXXXXXXXXX 
2024-02-27 11:17:07,170 INFO  [Log] X 
2024-02-27 11:17:07,170 INFO  [Log] X 
2024-02-27 11:17:07,170 INFO  [Log] X 
2024-02-27 11:17:07,170 INFO  [Log] X 
